
> connect-pi-app@1.0.0 dev
> next dev

  ▲ Next.js 14.2.16
  - Local:        http://localhost:3000

 ✓ Starting...
 ✓ Ready in 3.3s
 ○ Compiling / ...
 ✓ Compiled / in 10.3s (1387 modules)
 GET / 200 in 11547ms
 ✓ Compiled in 1180ms (684 modules)
 ○ Compiling /api/feed ...
 ✓ Compiled /api/feed in 5.5s (725 modules)
MongoDB not configured, returning mock feed.
 GET /api/feed 200 in 6190ms
 ✓ Compiled in 803ms (684 modules)
 ✓ Compiled in 555ms (684 modules)
 ✓ Compiled in 603ms (684 modules)
 ✓ Compiled / in 460ms (694 modules)
 GET / 200 in 754ms
 ✓ Compiled /api/feed in 148ms (725 modules)
MongoDB not configured, returning mock feed.
 GET /api/feed 200 in 239ms
